nohup: ignoring input
[0.003s][warning][cds] Archived non-system classes are disabled because the java.system.class.loader property is specified (value = "com.intellij.util.lang.PathClassLoader"). To use archived non-system classes, this property must not be set
2025-06-12 15:05:49,000 [   2733]   WARN - #c.i.s.ComponentManagerImpl - `preload=NOT_HEADLESS` must be used only for core services (service=com.jetbrains.rdserver.toolWindow.BackendServerToolWindowManager, plugin=com.jetbrains.codeWithMe)
2025-06-12 15:05:49,001 [   2734]   WARN - #c.i.s.ComponentManagerImpl - `preload=TRUE` must be used only for core services (service=com.intellij.cwm.plugin.users.BackendUserManager, plugin=com.jetbrains.codeWithMe)
2025-06-12 15:05:49,001 [   2734]   WARN - #c.i.s.ComponentManagerImpl - `preload=TRUE` must be used only for core services (service=com.intellij.cwm.plugin.ports.CwmPortForwardingToolWindowManager, plugin=com.jetbrains.codeWithMe)
2025-06-12 15:05:49,001 [   2734]   WARN - #c.i.s.ComponentManagerImpl - `preload=TRUE` must be used only for core services (service=com.intellij.cwm.plugin.following.FollowMeManagerService, plugin=com.jetbrains.codeWithMe)
2025-06-12 15:05:50,394 [   4127]   WARN - #c.j.p.PythonHelpersLocator - Helpers pro root does not exist /home/herryao/Software/pycharm-2024.3.1.1/plugins/python-ce/helpers-pro
2025-06-12 15:05:50,734 [   4467]   WARN - #c.i.o.a.Application - issue detected: ide.script.launcher.used (ignored)
2025-06-12 15:05:50,971 [   4704]   WARN - #c.i.u.Alarm - Do not create alarm without coroutineScope: com.intellij.ui.GotItTooltip.<init>(GotItTooltip.kt:94)
2025-06-12 15:05:51,429 [   5162]   WARN - #c.i.p.w.WhatsNewUrlContent - WhatsNew page 'https://www.jetbrains.com/pycharm/whatsnew' not available response code: 301
2025-06-12 15:05:51,429 [   5162]   WARN - #c.i.i.a.WhatsNewAction - EapWhatsNew: can't be shown. Content not available
2025-06-12 15:05:51,849 [   5582]   WARN - #git4idea.status.GitStagingAreaHolder - Ignoring change under another root: GitFileStatus(index= , workTree=M, path=/media/herryao/81ca6f19-78c8-470d-b5a1-5f35b4678058/work_dir/Document/skku/with_asif/second_paper/locked/main/case_alpha_0_3/__pycache__/utils.cpython-38.pyc, origPath=null); root: /media/herryao/81ca6f19-78c8-470d-b5a1-5f35b4678058/work_dir/Document/skku/with_asif/second_paper/locked/main/case_alpha_0_3; mapped root: null
2025-06-12 15:05:51,849 [   5582]   WARN - #git4idea.status.GitStagingAreaHolder - Ignoring change under another root: GitFileStatus(index= , workTree=M, path=/media/herryao/81ca6f19-78c8-470d-b5a1-5f35b4678058/work_dir/Document/skku/with_asif/second_paper/locked/main/case_alpha_0_3/data_preprocessing/__pycache__/__init__.cpython-38.pyc, origPath=null); root: /media/herryao/81ca6f19-78c8-470d-b5a1-5f35b4678058/work_dir/Document/skku/with_asif/second_paper/locked/main/case_alpha_0_3; mapped root: null
2025-06-12 15:05:51,850 [   5583]   WARN - #git4idea.status.GitStagingAreaHolder - Ignoring change under another root: GitFileStatus(index= , workTree=M, path=/media/herryao/81ca6f19-78c8-470d-b5a1-5f35b4678058/work_dir/Document/skku/with_asif/second_paper/locked/main/case_alpha_0_3/data_preprocessing/__pycache__/data_loader.cpython-38.pyc, origPath=null); root: /media/herryao/81ca6f19-78c8-470d-b5a1-5f35b4678058/work_dir/Document/skku/with_asif/second_paper/locked/main/case_alpha_0_3; mapped root: null
2025-06-12 15:05:51,850 [   5583]   WARN - #git4idea.status.GitStagingAreaHolder - Ignoring change under another root: GitFileStatus(index= , workTree=M, path=/media/herryao/81ca6f19-78c8-470d-b5a1-5f35b4678058/work_dir/Document/skku/with_asif/second_paper/locked/main/case_alpha_0_3/data_preprocessing/__pycache__/data_split.cpython-38.pyc, origPath=null); root: /media/herryao/81ca6f19-78c8-470d-b5a1-5f35b4678058/work_dir/Document/skku/with_asif/second_paper/locked/main/case_alpha_0_3; mapped root: null
2025-06-12 15:05:51,850 [   5583]   WARN - #git4idea.status.GitStagingAreaHolder - Ignoring change under another root: GitFileStatus(index= , workTree=M, path=/media/herryao/81ca6f19-78c8-470d-b5a1-5f35b4678058/work_dir/Document/skku/with_asif/second_paper/locked/main/case_alpha_0_3/data_preprocessing/__pycache__/my_dataset.cpython-38.pyc, origPath=null); root: /media/herryao/81ca6f19-78c8-470d-b5a1-5f35b4678058/work_dir/Document/skku/with_asif/second_paper/locked/main/case_alpha_0_3; mapped root: null
2025-06-12 15:05:51,850 [   5583]   WARN - #git4idea.status.GitStagingAreaHolder - Ignoring change under another root: GitFileStatus(index= , workTree=M, path=/media/herryao/81ca6f19-78c8-470d-b5a1-5f35b4678058/work_dir/Document/skku/with_asif/second_paper/locked/main/case_alpha_0_3/data_preprocessing/__pycache__/scaler_utils.cpython-38.pyc, origPath=null); root: /media/herryao/81ca6f19-78c8-470d-b5a1-5f35b4678058/work_dir/Document/skku/with_asif/second_paper/locked/main/case_alpha_0_3; mapped root: null
2025-06-12 15:05:51,850 [   5583]   WARN - #git4idea.status.GitStagingAreaHolder - Ignoring change under another root: GitFileStatus(index= , workTree=M, path=/media/herryao/81ca6f19-78c8-470d-b5a1-5f35b4678058/work_dir/Document/skku/with_asif/second_paper/locked/main/case_alpha_0_3/evaluation/__pycache__/__init__.cpython-38.pyc, origPath=null); root: /media/herryao/81ca6f19-78c8-470d-b5a1-5f35b4678058/work_dir/Document/skku/with_asif/second_paper/locked/main/case_alpha_0_3; mapped root: null
2025-06-12 15:05:51,850 [   5583]   WARN - #git4idea.status.GitStagingAreaHolder - Ignoring change under another root: GitFileStatus(index= , workTree=M, path=/media/herryao/81ca6f19-78c8-470d-b5a1-5f35b4678058/work_dir/Document/skku/with_asif/second_paper/locked/main/case_alpha_0_3/evaluation/__pycache__/metrics.cpython-38.pyc, origPath=null); root: /media/herryao/81ca6f19-78c8-470d-b5a1-5f35b4678058/work_dir/Document/skku/with_asif/second_paper/locked/main/case_alpha_0_3; mapped root: null
2025-06-12 15:05:51,851 [   5584]   WARN - #git4idea.status.GitStagingAreaHolder - Ignoring change under another root: GitFileStatus(index= , workTree=M, path=/media/herryao/81ca6f19-78c8-470d-b5a1-5f35b4678058/work_dir/Document/skku/with_asif/second_paper/locked/main/case_alpha_0_3/losses/__pycache__/__init__.cpython-38.pyc, origPath=null); root: /media/herryao/81ca6f19-78c8-470d-b5a1-5f35b4678058/work_dir/Document/skku/with_asif/second_paper/locked/main/case_alpha_0_3; mapped root: null
2025-06-12 15:05:51,851 [   5584]   WARN - #git4idea.status.GitStagingAreaHolder - Ignoring changed files under another root: 19 files total
2025-06-12 15:05:53,822 [   7555]   WARN - #c.i.l.FlexAdapter - com.intellij.python.pyramid.templates.lexer._ChameleonFlexLexer
java.lang.Error: Error: could not match input
	at com.intellij.python.pyramid.templates.lexer._ChameleonFlexLexer.zzScanError(_ChameleonFlexLexer.java:706)
	at com.intellij.python.pyramid.templates.lexer._ChameleonFlexLexer.advance(_ChameleonFlexLexer.java:1354)
	at com.intellij.lexer.FlexAdapter.locateToken(FlexAdapter.java:92)
	at com.intellij.lexer.FlexAdapter.getTokenType(FlexAdapter.java:52)
	at com.intellij.lexer.MergingLexerAdapter$MyMergeFunction.merge(MergingLexerAdapter.java:43)
	at com.intellij.lexer.MergingLexerAdapterBase.locateToken(MergingLexerAdapterBase.java:66)
	at com.intellij.lexer.MergingLexerAdapterBase.getTokenType(MergingLexerAdapterBase.java:34)
	at com.jetbrains.python.lexer.PythonIndentingProcessor.getBaseTokenType(PythonIndentingProcessor.java:88)
	at com.jetbrains.python.lexer.PythonIndentingProcessor.checkSignificantTokens(PythonIndentingProcessor.java:277)
	at com.jetbrains.python.lexer.PythonIndentingProcessor.advanceBase(PythonIndentingProcessor.java:176)
	at com.jetbrains.python.lexer.PythonIndentingProcessor.advance(PythonIndentingProcessor.java:157)
	at com.intellij.python.pyramid.templates.lexer.ChameleonIndentingLexer.advance(ChameleonIndentingLexer.java:34)
	at com.intellij.psi.templateLanguages.TemplateDataElementType.collectTemplateModifications(TemplateDataElementType.java:208)
	at com.intellij.psi.templateLanguages.TemplateDataElementType.createTemplateText(TemplateDataElementType.java:142)
	at com.intellij.psi.templateLanguages.TemplateDataElementType.createTemplateFile(TemplateDataElementType.java:116)
	at com.intellij.psi.templateLanguages.TemplateDataElementType.parseContents(TemplateDataElementType.java:78)
	at com.intellij.psi.impl.source.tree.LazyParseableElement.lambda$ensureParsed$2(LazyParseableElement.java:183)
	at com.intellij.psi.impl.DebugUtil.performPsiModification(DebugUtil.java:534)
	at com.intellij.psi.impl.source.tree.LazyParseableElement.ensureParsed(LazyParseableElement.java:182)
	at com.intellij.psi.impl.source.tree.LazyParseableElement.getFirstChildNode(LazyParseableElement.java:234)
	at com.intellij.psi.impl.source.tree.LazyParseableElement.getFirstChildNode(LazyParseableElement.java:25)
	at com.intellij.psi.impl.source.tree.SharedImplUtil.getFirstChild(SharedImplUtil.java:37)
	at com.intellij.psi.impl.source.PsiFileImpl.getFirstChild(PsiFileImpl.java:836)
	at com.intellij.psi.PsiWalkingState$PsiTreeGuide.getFirstChild(PsiWalkingState.java:37)
	at com.intellij.psi.PsiWalkingState$PsiTreeGuide.getFirstChild(PsiWalkingState.java:19)
	at com.intellij.util.WalkingState.next(WalkingState.java:70)
	at com.intellij.util.WalkingState.walkChildren(WalkingState.java:49)
	at com.intellij.util.WalkingState.elementStarted(WalkingState.java:40)
	at com.intellij.psi.PsiWalkingState.elementStarted(PsiWalkingState.java:67)
	at com.intellij.psi.XmlRecursiveElementWalkingVisitor.visitElement(XmlRecursiveElementWalkingVisitor.java:26)
	at com.intellij.psi.PsiElementVisitor.visitFile(PsiElementVisitor.java:51)
	at com.intellij.psi.XmlRecursiveElementWalkingVisitor.visitFile(XmlRecursiveElementWalkingVisitor.java:44)
	at com.intellij.psi.XmlElementVisitor.visitXmlFile(XmlElementVisitor.java:27)
	at com.intellij.psi.impl.source.xml.XmlFileImpl.accept(XmlFileImpl.java:54)
	at com.intellij.psi.css.index.CssTemplateSelectorsIndex$MyDataIndexer.map(CssTemplateSelectorsIndex.java:125)
	at com.intellij.psi.css.index.CssTemplateSelectorsIndex$MyDataIndexer.map(CssTemplateSelectorsIndex.java:115)
	at com.intellij.util.indexing.impl.MapReduceIndex.mapByIndexer(MapReduceIndex.java:385)
	at com.intellij.util.indexing.impl.MapReduceIndex.mapInput(MapReduceIndex.java:376)
	at com.intellij.util.indexing.impl.MapReduceIndex.mapInputAndPrepareUpdate(MapReduceIndex.java:301)
	at com.intellij.indexing.composite.CompositeInvertedIndexBase.updateBaseIndex(CompositeInvertedIndexBase.java:287)
	at com.intellij.indexing.composite.CompositeInvertedIndexBase.mapInputAndPrepareUpdate(CompositeInvertedIndexBase.java:64)
	at com.intellij.indexing.composite.CompositeInvertedIndexBase.mapInputAndPrepareUpdate(CompositeInvertedIndexBase.java:29)
	at com.intellij.util.indexing.FileBasedIndexImpl.createSingleIndexValueApplier(FileBasedIndexImpl.java:1641)
	at com.intellij.util.indexing.FileBasedIndexImpl.lambda$doIndexFileContent$21(FileBasedIndexImpl.java:1512)
	at com.intellij.openapi.fileTypes.impl.FileTypeManagerImpl.lambda$freezeFileTypeTemporarilyWithProvidedValueIn$14(FileTypeManagerImpl.java:752)
	at com.intellij.openapi.fileTypes.impl.FileTypeManagerImpl.cacheFileTypesInside(FileTypeManagerImpl.java:822)
	at com.intellij.openapi.fileTypes.impl.FileTypeManagerImpl.freezeFileTypeTemporarilyWithProvidedValueIn(FileTypeManagerImpl.java:748)
	at com.intellij.util.indexing.FileBasedIndexImpl.doIndexFileContent(FileBasedIndexImpl.java:1465)
	at com.intellij.util.indexing.FileBasedIndexImpl.indexFileContent(FileBasedIndexImpl.java:1440)
	at com.intellij.util.indexing.contentQueue.IndexUpdateRunner$Indexer.getApplierForFileIndexUpdate$lambda$1(IndexUpdateRunner.kt:351)
	at com.intellij.openapi.application.rw.InternalReadAction.insideReadAction(InternalReadAction.kt:114)
	at com.intellij.openapi.application.rw.InternalReadAction.tryReadCancellable$lambda$4(InternalReadAction.kt:104)
	at com.intellij.openapi.application.rw.CancellableReadActionKt.cancellableReadActionInternal$lambda$3$lambda$2$lambda$1(cancellableReadAction.kt:32)
	at com.intellij.openapi.application.impl.AnyThreadWriteThreadingSupport.tryRunReadAction(AnyThreadWriteThreadingSupport.kt:351)
	at com.intellij.openapi.application.impl.ApplicationImpl.tryRunReadAction(ApplicationImpl.java:971)
	at com.intellij.openapi.application.rw.CancellableReadActionKt.cancellableReadActionInternal$lambda$3$lambda$2(cancellableReadAction.kt:30)
	at com.intellij.openapi.progress.util.ProgressIndicatorUtilService.runActionAndCancelBeforeWrite(ProgressIndicatorUtilService.java:66)
	at com.intellij.openapi.progress.util.ProgressIndicatorUtils.runActionAndCancelBeforeWrite(ProgressIndicatorUtils.java:157)
	at com.intellij.openapi.application.rw.CancellableReadActionKt.cancellableReadActionInternal(cancellableReadAction.kt:28)
	at com.intellij.openapi.application.rw.InternalReadAction.tryReadCancellable(InternalReadAction.kt:103)
	at com.intellij.openapi.application.rw.InternalReadAction.tryReadAction(InternalReadAction.kt:87)
	at com.intellij.openapi.application.rw.InternalReadAction.readLoop(InternalReadAction.kt:74)
	at com.intellij.openapi.application.rw.InternalReadAction.access$readLoop(InternalReadAction.kt:16)
	at com.intellij.openapi.application.rw.InternalReadAction$runReadAction$6.invokeSuspend(InternalReadAction.kt:53)
	at com.intellij.openapi.application.rw.InternalReadAction$runReadAction$6.invoke(InternalReadAction.kt)
	at com.intellij.openapi.application.rw.InternalReadAction$runReadAction$6.invoke(InternalReadAction.kt)
	at kotlinx.coroutines.intrinsics.UndispatchedKt.startUndispatchedOrReturn(Undispatched.kt:62)
	at kotlinx.coroutines.BuildersKt__Builders_commonKt.withContext(Builders.common.kt:163)
	at kotlinx.coroutines.BuildersKt.withContext(Unknown Source)
	at com.intellij.openapi.application.rw.InternalReadAction.runReadAction(InternalReadAction.kt:49)
	at com.intellij.openapi.application.rw.PlatformReadWriteActionSupport.executeReadAction(PlatformReadWriteActionSupport.kt:38)
	at com.intellij.openapi.application.ReadWriteActionSupport.executeReadAction$default(ReadWriteActionSupport.kt:15)
	at com.intellij.openapi.application.CoroutinesKt.constrainedReadAction(coroutines.kt:62)
	at com.intellij.openapi.application.CoroutinesKt.readAction(coroutines.kt:29)
	at com.intellij.util.indexing.contentQueue.IndexUpdateRunner$Indexer.getApplierForFileIndexUpdate(IndexUpdateRunner.kt:348)
	at com.intellij.util.indexing.contentQueue.IndexUpdateRunner$Indexer.indexOneFile(IndexUpdateRunner.kt:300)
	at com.intellij.util.indexing.contentQueue.IndexUpdateRunner.indexOneFileHandleExceptions(IndexUpdateRunner.kt:240)
	at com.intellij.util.indexing.contentQueue.IndexUpdateRunner.access$indexOneFileHandleExceptions(IndexUpdateRunner.kt:54)
	at com.intellij.util.indexing.contentQueue.IndexUpdateRunner$doIndexFiles$1$1.invokeSuspend(IndexUpdateRunner.kt:150)
	at com.intellij.util.indexing.contentQueue.IndexUpdateRunner$doIndexFiles$1$1.invoke(IndexUpdateRunner.kt)
	at com.intellij.util.indexing.contentQueue.IndexUpdateRunner$doIndexFiles$1$1.invoke(IndexUpdateRunner.kt)
	at com.intellij.util.indexing.contentQueue.IndexUpdateRunner$processFileSetInParallel$2$1$1$1$invokeSuspend$$inlined$useWithScope$default$1.invokeSuspend(trace.kt:59)
	at com.intellij.util.indexing.contentQueue.IndexUpdateRunner$processFileSetInParallel$2$1$1$1$invokeSuspend$$inlined$useWithScope$default$1.invoke(trace.kt)
	at com.intellij.util.indexing.contentQueue.IndexUpdateRunner$processFileSetInParallel$2$1$1$1$invokeSuspend$$inlined$useWithScope$default$1.invoke(trace.kt)
	at kotlinx.coroutines.intrinsics.UndispatchedKt.startUndispatchedOrReturn(Undispatched.kt:62)
	at kotlinx.coroutines.BuildersKt__Builders_commonKt.withContext(Builders.common.kt:163)
	at kotlinx.coroutines.BuildersKt.withContext(Unknown Source)
	at com.intellij.util.indexing.contentQueue.IndexUpdateRunner$processFileSetInParallel$2$1$1$1.invokeSuspend(IndexUpdateRunner.kt:564)
	at kotlin.coroutines.jvm.internal.BaseContinuationImpl.resumeWith(ContinuationImpl.kt:33)
	at kotlinx.coroutines.DispatchedTask.run(DispatchedTask.kt:104)
	at kotlinx.coroutines.scheduling.CoroutineScheduler.runSafely(CoroutineScheduler.kt:608)
	at kotlinx.coroutines.scheduling.CoroutineScheduler$Worker.executeTask(CoroutineScheduler.kt:873)
	at kotlinx.coroutines.scheduling.CoroutineScheduler$Worker.runWorker(CoroutineScheduler.kt:763)
	at kotlinx.coroutines.scheduling.CoroutineScheduler$Worker.run(CoroutineScheduler.kt:750)
2025-06-12 15:05:53,877 [   7610]   WARN - #c.i.l.FlexAdapter - com.intellij.python.pyramid.templates.lexer._ChameleonFlexLexer
java.lang.Error: Error: could not match input
	at com.intellij.python.pyramid.templates.lexer._ChameleonFlexLexer.zzScanError(_ChameleonFlexLexer.java:706)
	at com.intellij.python.pyramid.templates.lexer._ChameleonFlexLexer.advance(_ChameleonFlexLexer.java:1354)
	at com.intellij.lexer.FlexAdapter.locateToken(FlexAdapter.java:92)
	at com.intellij.lexer.FlexAdapter.getTokenType(FlexAdapter.java:52)
	at com.intellij.lexer.MergingLexerAdapter$MyMergeFunction.merge(MergingLexerAdapter.java:43)
	at com.intellij.lexer.MergingLexerAdapterBase.locateToken(MergingLexerAdapterBase.java:66)
	at com.intellij.lexer.MergingLexerAdapterBase.getTokenType(MergingLexerAdapterBase.java:34)
	at com.jetbrains.python.lexer.PythonIndentingProcessor.getBaseTokenType(PythonIndentingProcessor.java:88)
	at com.jetbrains.python.lexer.PythonIndentingProcessor.checkSignificantTokens(PythonIndentingProcessor.java:277)
	at com.jetbrains.python.lexer.PythonIndentingProcessor.advanceBase(PythonIndentingProcessor.java:176)
	at com.jetbrains.python.lexer.PythonIndentingProcessor.advance(PythonIndentingProcessor.java:157)
	at com.intellij.python.pyramid.templates.lexer.ChameleonIndentingLexer.advance(ChameleonIndentingLexer.java:34)
	at com.intellij.psi.templateLanguages.TemplateDataElementType.collectTemplateModifications(TemplateDataElementType.java:208)
	at com.intellij.psi.templateLanguages.TemplateDataElementType.createTemplateText(TemplateDataElementType.java:142)
	at com.intellij.psi.templateLanguages.TemplateDataElementType.createTemplateFile(TemplateDataElementType.java:116)
	at com.intellij.psi.templateLanguages.TemplateDataElementType.parseContents(TemplateDataElementType.java:78)
	at com.intellij.psi.impl.source.tree.LazyParseableElement.lambda$ensureParsed$2(LazyParseableElement.java:183)
	at com.intellij.psi.impl.DebugUtil.performPsiModification(DebugUtil.java:534)
	at com.intellij.psi.impl.source.tree.LazyParseableElement.ensureParsed(LazyParseableElement.java:182)
	at com.intellij.psi.impl.source.tree.LazyParseableElement.getFirstChildNode(LazyParseableElement.java:234)
	at com.intellij.psi.impl.source.tree.LazyParseableElement.getFirstChildNode(LazyParseableElement.java:25)
	at com.intellij.psi.impl.source.tree.SharedImplUtil.getFirstChild(SharedImplUtil.java:37)
	at com.intellij.psi.impl.source.PsiFileImpl.getFirstChild(PsiFileImpl.java:836)
	at com.intellij.psi.PsiWalkingState$PsiTreeGuide.getFirstChild(PsiWalkingState.java:37)
	at com.intellij.psi.PsiWalkingState$PsiTreeGuide.getFirstChild(PsiWalkingState.java:19)
	at com.intellij.util.WalkingState.next(WalkingState.java:70)
	at com.intellij.util.WalkingState.walkChildren(WalkingState.java:49)
	at com.intellij.util.WalkingState.elementStarted(WalkingState.java:40)
	at com.intellij.psi.PsiWalkingState.elementStarted(PsiWalkingState.java:67)
	at com.intellij.psi.XmlRecursiveElementWalkingVisitor.visitElement(XmlRecursiveElementWalkingVisitor.java:26)
	at com.intellij.psi.PsiElementVisitor.visitFile(PsiElementVisitor.java:51)
	at com.intellij.psi.XmlRecursiveElementWalkingVisitor.visitFile(XmlRecursiveElementWalkingVisitor.java:44)
	at com.intellij.psi.XmlElementVisitor.visitXmlFile(XmlElementVisitor.java:27)
	at com.intellij.psi.impl.source.xml.XmlFileImpl.accept(XmlFileImpl.java:54)
	at com.intellij.psi.css.index.CssTemplateSelectorsIndex$MyDataIndexer.map(CssTemplateSelectorsIndex.java:125)
	at com.intellij.psi.css.index.CssTemplateSelectorsIndex$MyDataIndexer.map(CssTemplateSelectorsIndex.java:115)
	at com.intellij.util.indexing.impl.MapReduceIndex.mapByIndexer(MapReduceIndex.java:385)
	at com.intellij.util.indexing.impl.MapReduceIndex.mapInput(MapReduceIndex.java:376)
	at com.intellij.util.indexing.impl.MapReduceIndex.mapInputAndPrepareUpdate(MapReduceIndex.java:301)
	at com.intellij.indexing.composite.CompositeInvertedIndexBase.updateBaseIndex(CompositeInvertedIndexBase.java:287)
	at com.intellij.indexing.composite.CompositeInvertedIndexBase.mapInputAndPrepareUpdate(CompositeInvertedIndexBase.java:64)
	at com.intellij.indexing.composite.CompositeInvertedIndexBase.mapInputAndPrepareUpdate(CompositeInvertedIndexBase.java:29)
	at com.intellij.util.indexing.FileBasedIndexImpl.createSingleIndexValueApplier(FileBasedIndexImpl.java:1641)
	at com.intellij.util.indexing.FileBasedIndexImpl.lambda$doIndexFileContent$21(FileBasedIndexImpl.java:1512)
	at com.intellij.openapi.fileTypes.impl.FileTypeManagerImpl.lambda$freezeFileTypeTemporarilyWithProvidedValueIn$14(FileTypeManagerImpl.java:752)
	at com.intellij.openapi.fileTypes.impl.FileTypeManagerImpl.cacheFileTypesInside(FileTypeManagerImpl.java:822)
	at com.intellij.openapi.fileTypes.impl.FileTypeManagerImpl.freezeFileTypeTemporarilyWithProvidedValueIn(FileTypeManagerImpl.java:748)
	at com.intellij.util.indexing.FileBasedIndexImpl.doIndexFileContent(FileBasedIndexImpl.java:1465)
	at com.intellij.util.indexing.FileBasedIndexImpl.indexFileContent(FileBasedIndexImpl.java:1440)
	at com.intellij.util.indexing.contentQueue.IndexUpdateRunner$Indexer.getApplierForFileIndexUpdate$lambda$1(IndexUpdateRunner.kt:351)
	at com.intellij.openapi.application.rw.InternalReadAction.insideReadAction(InternalReadAction.kt:114)
	at com.intellij.openapi.application.rw.InternalReadAction.tryReadCancellable$lambda$4(InternalReadAction.kt:104)
	at com.intellij.openapi.application.rw.CancellableReadActionKt.cancellableReadActionInternal$lambda$3$lambda$2$lambda$1(cancellableReadAction.kt:32)
	at com.intellij.openapi.application.impl.AnyThreadWriteThreadingSupport.tryRunReadAction(AnyThreadWriteThreadingSupport.kt:351)
	at com.intellij.openapi.application.impl.ApplicationImpl.tryRunReadAction(ApplicationImpl.java:971)
	at com.intellij.openapi.application.rw.CancellableReadActionKt.cancellableReadActionInternal$lambda$3$lambda$2(cancellableReadAction.kt:30)
	at com.intellij.openapi.progress.util.ProgressIndicatorUtilService.runActionAndCancelBeforeWrite(ProgressIndicatorUtilService.java:66)
	at com.intellij.openapi.progress.util.ProgressIndicatorUtils.runActionAndCancelBeforeWrite(ProgressIndicatorUtils.java:157)
	at com.intellij.openapi.application.rw.CancellableReadActionKt.cancellableReadActionInternal(cancellableReadAction.kt:28)
	at com.intellij.openapi.application.rw.InternalReadAction.tryReadCancellable(InternalReadAction.kt:103)
	at com.intellij.openapi.application.rw.InternalReadAction.tryReadAction(InternalReadAction.kt:87)
	at com.intellij.openapi.application.rw.InternalReadAction.readLoop(InternalReadAction.kt:74)
	at com.intellij.openapi.application.rw.InternalReadAction.access$readLoop(InternalReadAction.kt:16)
	at com.intellij.openapi.application.rw.InternalReadAction$readLoop$1.invokeSuspend(InternalReadAction.kt)
	at kotlin.coroutines.jvm.internal.BaseContinuationImpl.resumeWith(ContinuationImpl.kt:33)
	at kotlinx.coroutines.DispatchedTask.run(DispatchedTask.kt:104)
	at kotlinx.coroutines.scheduling.CoroutineScheduler.runSafely(CoroutineScheduler.kt:608)
	at kotlinx.coroutines.scheduling.CoroutineScheduler$Worker.executeTask(CoroutineScheduler.kt:873)
	at kotlinx.coroutines.scheduling.CoroutineScheduler$Worker.runWorker(CoroutineScheduler.kt:763)
	at kotlinx.coroutines.scheduling.CoroutineScheduler$Worker.run(CoroutineScheduler.kt:750)
2025-06-12 15:05:56,218 [   9951]   WARN - #c.j.p.PythonHelpersLocator - Helpers pro root does not exist /home/herryao/Software/pycharm-2024.3.1.1/plugins/python-ce/helpers-pro
2025-06-12 15:05:56,219 [   9952]   WARN - #c.j.p.PythonHelpersLocator - Helpers pro root does not exist /home/herryao/Software/pycharm-2024.3.1.1/plugins/python-ce/helpers-pro
2025-06-12 15:05:56,219 [   9952]   WARN - #c.j.p.PythonHelpersLocator - Helpers pro root does not exist /home/herryao/Software/pycharm-2024.3.1.1/plugins/python-ce/helpers-pro
2025-06-12 15:05:56,219 [   9952]   WARN - #c.j.p.PythonHelpersLocator - Helpers pro root does not exist /home/herryao/Software/pycharm-2024.3.1.1/plugins/python-ce/helpers-pro
2025-06-12 15:05:56,220 [   9953]   WARN - #c.j.p.PythonHelpersLocator - Helpers pro root does not exist /home/herryao/Software/pycharm-2024.3.1.1/plugins/python-ce/helpers-pro
2025-06-12 15:05:56,220 [   9953]   WARN - #c.j.p.PythonHelpersLocator - Helpers pro root does not exist /home/herryao/Software/pycharm-2024.3.1.1/plugins/python-ce/helpers-pro
2025-06-12 15:05:56,220 [   9953]   WARN - #c.j.p.PythonHelpersLocator - Helpers pro root does not exist /home/herryao/Software/pycharm-2024.3.1.1/plugins/python-ce/helpers-pro
2025-06-12 15:05:56,221 [   9954]   WARN - #c.j.p.PythonHelpersLocator - Helpers pro root does not exist /home/herryao/Software/pycharm-2024.3.1.1/plugins/python-ce/helpers-pro
2025-06-12 15:05:56,221 [   9954]   WARN - #c.j.p.PythonHelpersLocator - Helpers pro root does not exist /home/herryao/Software/pycharm-2024.3.1.1/plugins/python-ce/helpers-pro
2025-06-12 15:05:56,221 [   9954]   WARN - #c.j.p.PythonHelpersLocator - Helpers pro root does not exist /home/herryao/Software/pycharm-2024.3.1.1/plugins/python-ce/helpers-pro
2025-06-12 15:05:56,222 [   9955]   WARN - #c.j.p.PythonHelpersLocator - Helpers pro root does not exist /home/herryao/Software/pycharm-2024.3.1.1/plugins/python-ce/helpers-pro
2025-06-12 15:05:56,222 [   9955]   WARN - #c.j.p.PythonHelpersLocator - Helpers pro root does not exist /home/herryao/Software/pycharm-2024.3.1.1/plugins/python-ce/helpers-pro
2025-06-12 15:05:56,222 [   9955]   WARN - #c.j.p.PythonHelpersLocator - Helpers pro root does not exist /home/herryao/Software/pycharm-2024.3.1.1/plugins/python-ce/helpers-pro
2025-06-12 15:05:56,223 [   9956]   WARN - #c.j.p.PythonHelpersLocator - Helpers pro root does not exist /home/herryao/Software/pycharm-2024.3.1.1/plugins/python-ce/helpers-pro
2025-06-12 15:05:56,223 [   9956]   WARN - #c.j.p.PythonHelpersLocator - Helpers pro root does not exist /home/herryao/Software/pycharm-2024.3.1.1/plugins/python-ce/helpers-pro
2025-06-12 15:05:56,223 [   9956]   WARN - #c.j.p.PythonHelpersLocator - Helpers pro root does not exist /home/herryao/Software/pycharm-2024.3.1.1/plugins/python-ce/helpers-pro
2025-06-12 15:05:56,223 [   9956]   WARN - #c.j.p.PythonHelpersLocator - Helpers pro root does not exist /home/herryao/Software/pycharm-2024.3.1.1/plugins/python-ce/helpers-pro
2025-06-12 15:05:56,224 [   9957]   WARN - #c.j.p.PythonHelpersLocator - Helpers pro root does not exist /home/herryao/Software/pycharm-2024.3.1.1/plugins/python-ce/helpers-pro
2025-06-12 15:05:56,224 [   9957]   WARN - #c.j.p.PythonHelpersLocator - Helpers pro root does not exist /home/herryao/Software/pycharm-2024.3.1.1/plugins/python-ce/helpers-pro
2025-06-12 15:05:56,224 [   9957]   WARN - #c.j.p.PythonHelpersLocator - Helpers pro root does not exist /home/herryao/Software/pycharm-2024.3.1.1/plugins/python-ce/helpers-pro
2025-06-12 15:05:56,224 [   9957]   WARN - #c.j.p.PythonHelpersLocator - Helpers pro root does not exist /home/herryao/Software/pycharm-2024.3.1.1/plugins/python-ce/helpers-pro
2025-06-12 15:05:56,225 [   9958]   WARN - #c.j.p.PythonHelpersLocator - Helpers pro root does not exist /home/herryao/Software/pycharm-2024.3.1.1/plugins/python-ce/helpers-pro
2025-06-12 15:05:56,225 [   9958]   WARN - #c.j.p.PythonHelpersLocator - Helpers pro root does not exist /home/herryao/Software/pycharm-2024.3.1.1/plugins/python-ce/helpers-pro
2025-06-12 15:05:56,225 [   9958]   WARN - #c.j.p.PythonHelpersLocator - Helpers pro root does not exist /home/herryao/Software/pycharm-2024.3.1.1/plugins/python-ce/helpers-pro
2025-06-12 15:05:56,226 [   9959]   WARN - #c.j.p.PythonHelpersLocator - Helpers pro root does not exist /home/herryao/Software/pycharm-2024.3.1.1/plugins/python-ce/helpers-pro
2025-06-12 15:05:56,226 [   9959]   WARN - #c.j.p.PythonHelpersLocator - Helpers pro root does not exist /home/herryao/Software/pycharm-2024.3.1.1/plugins/python-ce/helpers-pro
2025-06-12 15:05:56,226 [   9959]   WARN - #c.j.p.PythonHelpersLocator - Helpers pro root does not exist /home/herryao/Software/pycharm-2024.3.1.1/plugins/python-ce/helpers-pro
2025-06-12 15:05:56,226 [   9959]   WARN - #c.j.p.PythonHelpersLocator - Helpers pro root does not exist /home/herryao/Software/pycharm-2024.3.1.1/plugins/python-ce/helpers-pro
2025-06-12 15:05:56,227 [   9960]   WARN - #c.j.p.PythonHelpersLocator - Helpers pro root does not exist /home/herryao/Software/pycharm-2024.3.1.1/plugins/python-ce/helpers-pro
2025-06-12 15:05:56,227 [   9960]   WARN - #c.j.p.PythonHelpersLocator - Helpers pro root does not exist /home/herryao/Software/pycharm-2024.3.1.1/plugins/python-ce/helpers-pro
2025-06-12 15:05:56,227 [   9960]   WARN - #c.j.p.PythonHelpersLocator - Helpers pro root does not exist /home/herryao/Software/pycharm-2024.3.1.1/plugins/python-ce/helpers-pro
2025-06-12 15:05:56,228 [   9961]   WARN - #c.j.p.PythonHelpersLocator - Helpers pro root does not exist /home/herryao/Software/pycharm-2024.3.1.1/plugins/python-ce/helpers-pro
2025-06-12 15:05:56,228 [   9961]   WARN - #c.j.p.PythonHelpersLocator - Helpers pro root does not exist /home/herryao/Software/pycharm-2024.3.1.1/plugins/python-ce/helpers-pro
2025-06-12 15:05:56,228 [   9961]   WARN - #c.j.p.PythonHelpersLocator - Helpers pro root does not exist /home/herryao/Software/pycharm-2024.3.1.1/plugins/python-ce/helpers-pro
2025-06-12 15:05:56,228 [   9961]   WARN - #c.j.p.PythonHelpersLocator - Helpers pro root does not exist /home/herryao/Software/pycharm-2024.3.1.1/plugins/python-ce/helpers-pro
2025-06-12 15:05:56,229 [   9962]   WARN - #c.j.p.PythonHelpersLocator - Helpers pro root does not exist /home/herryao/Software/pycharm-2024.3.1.1/plugins/python-ce/helpers-pro
2025-06-12 15:05:56,229 [   9962]   WARN - #c.j.p.PythonHelpersLocator - Helpers pro root does not exist /home/herryao/Software/pycharm-2024.3.1.1/plugins/python-ce/helpers-pro
2025-06-12 15:05:56,229 [   9962]   WARN - #c.j.p.PythonHelpersLocator - Helpers pro root does not exist /home/herryao/Software/pycharm-2024.3.1.1/plugins/python-ce/helpers-pro
2025-06-12 15:05:56,230 [   9963]   WARN - #c.j.p.PythonHelpersLocator - Helpers pro root does not exist /home/herryao/Software/pycharm-2024.3.1.1/plugins/python-ce/helpers-pro
2025-06-12 15:05:56,230 [   9963]   WARN - #c.j.p.PythonHelpersLocator - Helpers pro root does not exist /home/herryao/Software/pycharm-2024.3.1.1/plugins/python-ce/helpers-pro
2025-06-12 15:05:56,230 [   9963]   WARN - #c.j.p.PythonHelpersLocator - Helpers pro root does not exist /home/herryao/Software/pycharm-2024.3.1.1/plugins/python-ce/helpers-pro
2025-06-12 15:05:56,230 [   9963]   WARN - #c.j.p.PythonHelpersLocator - Helpers pro root does not exist /home/herryao/Software/pycharm-2024.3.1.1/plugins/python-ce/helpers-pro
2025-06-12 15:05:56,231 [   9964]   WARN - #c.j.p.PythonHelpersLocator - Helpers pro root does not exist /home/herryao/Software/pycharm-2024.3.1.1/plugins/python-ce/helpers-pro
2025-06-12 15:05:56,231 [   9964]   WARN - #c.j.p.PythonHelpersLocator - Helpers pro root does not exist /home/herryao/Software/pycharm-2024.3.1.1/plugins/python-ce/helpers-pro
2025-06-12 15:05:56,231 [   9964]   WARN - #c.j.p.PythonHelpersLocator - Helpers pro root does not exist /home/herryao/Software/pycharm-2024.3.1.1/plugins/python-ce/helpers-pro
2025-06-12 15:05:56,231 [   9964]   WARN - #c.j.p.PythonHelpersLocator - Helpers pro root does not exist /home/herryao/Software/pycharm-2024.3.1.1/plugins/python-ce/helpers-pro
2025-06-12 15:05:56,232 [   9965]   WARN - #c.j.p.PythonHelpersLocator - Helpers pro root does not exist /home/herryao/Software/pycharm-2024.3.1.1/plugins/python-ce/helpers-pro
2025-06-12 15:05:56,232 [   9965]   WARN - #c.j.p.PythonHelpersLocator - Helpers pro root does not exist /home/herryao/Software/pycharm-2024.3.1.1/plugins/python-ce/helpers-pro
2025-06-12 15:05:56,232 [   9965]   WARN - #c.j.p.PythonHelpersLocator - Helpers pro root does not exist /home/herryao/Software/pycharm-2024.3.1.1/plugins/python-ce/helpers-pro
2025-06-12 15:05:56,233 [   9966]   WARN - #c.j.p.PythonHelpersLocator - Helpers pro root does not exist /home/herryao/Software/pycharm-2024.3.1.1/plugins/python-ce/helpers-pro
2025-06-12 15:05:56,233 [   9966]   WARN - #c.j.p.PythonHelpersLocator - Helpers pro root does not exist /home/herryao/Software/pycharm-2024.3.1.1/plugins/python-ce/helpers-pro
2025-06-12 15:05:56,233 [   9966]   WARN - #c.j.p.PythonHelpersLocator - Helpers pro root does not exist /home/herryao/Software/pycharm-2024.3.1.1/plugins/python-ce/helpers-pro
2025-06-12 15:05:56,233 [   9966]   WARN - #c.j.p.PythonHelpersLocator - Helpers pro root does not exist /home/herryao/Software/pycharm-2024.3.1.1/plugins/python-ce/helpers-pro
2025-06-12 15:05:56,234 [   9967]   WARN - #c.j.p.PythonHelpersLocator - Helpers pro root does not exist /home/herryao/Software/pycharm-2024.3.1.1/plugins/python-ce/helpers-pro
2025-06-12 15:05:56,234 [   9967]   WARN - #c.j.p.PythonHelpersLocator - Helpers pro root does not exist /home/herryao/Software/pycharm-2024.3.1.1/plugins/python-ce/helpers-pro
2025-06-12 15:05:56,234 [   9967]   WARN - #c.j.p.PythonHelpersLocator - Helpers pro root does not exist /home/herryao/Software/pycharm-2024.3.1.1/plugins/python-ce/helpers-pro
2025-06-12 15:05:56,235 [   9968]   WARN - #c.j.p.PythonHelpersLocator - Helpers pro root does not exist /home/herryao/Software/pycharm-2024.3.1.1/plugins/python-ce/helpers-pro
2025-06-12 15:05:56,236 [   9969]   WARN - #c.j.p.PythonHelpersLocator - Helpers pro root does not exist /home/herryao/Software/pycharm-2024.3.1.1/plugins/python-ce/helpers-pro
2025-06-12 15:05:56,236 [   9969]   WARN - #c.j.p.PythonHelpersLocator - Helpers pro root does not exist /home/herryao/Software/pycharm-2024.3.1.1/plugins/python-ce/helpers-pro
2025-06-12 15:05:56,236 [   9969]   WARN - #c.j.p.PythonHelpersLocator - Helpers pro root does not exist /home/herryao/Software/pycharm-2024.3.1.1/plugins/python-ce/helpers-pro
2025-06-12 15:05:56,237 [   9970]   WARN - #c.j.p.PythonHelpersLocator - Helpers pro root does not exist /home/herryao/Software/pycharm-2024.3.1.1/plugins/python-ce/helpers-pro
2025-06-12 15:05:56,268 [  10001]   WARN - #c.j.p.PythonHelpersLocator - Helpers pro root does not exist /home/herryao/Software/pycharm-2024.3.1.1/plugins/python-ce/helpers-pro
2025-06-12 15:05:56,269 [  10002]   WARN - #c.j.p.PythonHelpersLocator - Helpers pro root does not exist /home/herryao/Software/pycharm-2024.3.1.1/plugins/python-ce/helpers-pro
2025-06-12 15:05:56,272 [  10005]   WARN - #c.j.p.PythonHelpersLocator - Helpers pro root does not exist /home/herryao/Software/pycharm-2024.3.1.1/plugins/python-ce/helpers-pro
2025-06-12 15:05:56,277 [  10010]   WARN - #c.j.p.PythonHelpersLocator - Helpers pro root does not exist /home/herryao/Software/pycharm-2024.3.1.1/plugins/python-ce/helpers-pro
2025-06-12 15:06:02,548 [  16281]   WARN - #c.j.p.PythonHelpersLocator - Helpers pro root does not exist /home/herryao/Software/pycharm-2024.3.1.1/plugins/python-ce/helpers-pro
2025-06-12 15:06:10,449 [  24182]   WARN - #c.j.p.s.s.PySkeletonRefresher - Some skeletons failed to generate
2025-06-12 15:06:10,449 [  24182]   WARN - #c.j.p.s.s.PySkeletonRefresher - Crypto.Cipher._ARC4
2025-06-12 15:06:10,449 [  24182]   WARN - #c.j.p.s.s.PySkeletonRefresher - Crypto.Cipher._Salsa20
2025-06-12 15:06:10,449 [  24182]   WARN - #c.j.p.s.s.PySkeletonRefresher - Crypto.Cipher._chacha20
2025-06-12 15:06:10,449 [  24182]   WARN - #c.j.p.s.s.PySkeletonRefresher - Crypto.Cipher._pkcs1_decode
2025-06-12 15:06:10,449 [  24182]   WARN - #c.j.p.s.s.PySkeletonRefresher - Crypto.Cipher._raw_aes
2025-06-12 15:06:10,449 [  24182]   WARN - #c.j.p.s.s.PySkeletonRefresher - Crypto.Cipher._raw_aesni
2025-06-12 15:06:10,449 [  24182]   WARN - #c.j.p.s.s.PySkeletonRefresher - Crypto.Cipher._raw_arc2
2025-06-12 15:06:10,449 [  24182]   WARN - #c.j.p.s.s.PySkeletonRefresher - Crypto.Cipher._raw_blowfish
2025-06-12 15:06:10,449 [  24182]   WARN - #c.j.p.s.s.PySkeletonRefresher - Crypto.Cipher._raw_cast
2025-06-12 15:06:10,449 [  24182]   WARN - #c.j.p.s.s.PySkeletonRefresher - Crypto.Cipher._raw_cbc
2025-06-12 15:06:10,449 [  24182]   WARN - #c.j.p.s.s.PySkeletonRefresher - Crypto.Cipher._raw_cfb
2025-06-12 15:06:10,449 [  24182]   WARN - #c.j.p.s.s.PySkeletonRefresher - Crypto.Cipher._raw_ctr
2025-06-12 15:06:10,449 [  24182]   WARN - #c.j.p.s.s.PySkeletonRefresher - Crypto.Cipher._raw_des
2025-06-12 15:06:10,449 [  24182]   WARN - #c.j.p.s.s.PySkeletonRefresher - Crypto.Cipher._raw_des3
2025-06-12 15:06:10,449 [  24182]   WARN - #c.j.p.s.s.PySkeletonRefresher - Crypto.Cipher._raw_ecb
2025-06-12 15:06:10,449 [  24182]   WARN - #c.j.p.s.s.PySkeletonRefresher - Crypto.Cipher._raw_eksblowfish
2025-06-12 15:06:10,449 [  24182]   WARN - #c.j.p.s.s.PySkeletonRefresher - Crypto.Cipher._raw_ocb
2025-06-12 15:06:10,449 [  24182]   WARN - #c.j.p.s.s.PySkeletonRefresher - Crypto.Cipher._raw_ofb
2025-06-12 15:06:10,449 [  24182]   WARN - #c.j.p.s.s.PySkeletonRefresher - Crypto.Hash._BLAKE2b
2025-06-12 15:06:10,449 [  24182]   WARN - #c.j.p.s.s.PySkeletonRefresher - Crypto.Hash._BLAKE2s
2025-06-12 15:06:10,449 [  24182]   WARN - #c.j.p.s.s.PySkeletonRefresher - Crypto.Hash._MD2
2025-06-12 15:06:10,449 [  24182]   WARN - #c.j.p.s.s.PySkeletonRefresher - Crypto.Hash._MD4
2025-06-12 15:06:10,449 [  24182]   WARN - #c.j.p.s.s.PySkeletonRefresher - Crypto.Hash._MD5
2025-06-12 15:06:10,449 [  24182]   WARN - #c.j.p.s.s.PySkeletonRefresher - Crypto.Hash._RIPEMD160
2025-06-12 15:06:10,449 [  24182]   WARN - #c.j.p.s.s.PySkeletonRefresher - Crypto.Hash._SHA1
2025-06-12 15:06:10,449 [  24182]   WARN - #c.j.p.s.s.PySkeletonRefresher - Crypto.Hash._SHA224
2025-06-12 15:06:10,449 [  24182]   WARN - #c.j.p.s.s.PySkeletonRefresher - Crypto.Hash._SHA256
2025-06-12 15:06:10,449 [  24182]   WARN - #c.j.p.s.s.PySkeletonRefresher - Crypto.Hash._SHA384
2025-06-12 15:06:10,449 [  24182]   WARN - #c.j.p.s.s.PySkeletonRefresher - Crypto.Hash._SHA512
2025-06-12 15:06:10,449 [  24182]   WARN - #c.j.p.s.s.PySkeletonRefresher - Crypto.Hash._ghash_clmul
2025-06-12 15:06:10,449 [  24182]   WARN - #c.j.p.s.s.PySkeletonRefresher - Crypto.Hash._ghash_portable
2025-06-12 15:06:10,449 [  24182]   WARN - #c.j.p.s.s.PySkeletonRefresher - Crypto.Hash._keccak
2025-06-12 15:06:10,449 [  24182]   WARN - #c.j.p.s.s.PySkeletonRefresher - Crypto.Hash._poly1305
2025-06-12 15:06:10,449 [  24182]   WARN - #c.j.p.s.s.PySkeletonRefresher - Crypto.Math._modexp
2025-06-12 15:06:10,449 [  24182]   WARN - #c.j.p.s.s.PySkeletonRefresher - Crypto.Protocol._scrypt
2025-06-12 15:06:10,449 [  24182]   WARN - #c.j.p.s.s.PySkeletonRefresher - Crypto.PublicKey._ec_ws
2025-06-12 15:06:10,449 [  24182]   WARN - #c.j.p.s.s.PySkeletonRefresher - Crypto.PublicKey._ed25519
2025-06-12 15:06:10,449 [  24182]   WARN - #c.j.p.s.s.PySkeletonRefresher - Crypto.PublicKey._ed448
2025-06-12 15:06:10,449 [  24182]   WARN - #c.j.p.s.s.PySkeletonRefresher - Crypto.PublicKey._x25519
2025-06-12 15:06:10,449 [  24182]   WARN - #c.j.p.s.s.PySkeletonRefresher - Crypto.Util._cpuid_c
2025-06-12 15:06:10,449 [  24182]   WARN - #c.j.p.s.s.PySkeletonRefresher - Crypto.Util._strxor
2025-06-12 15:06:10,449 [  24182]   WARN - #c.j.p.s.s.PySkeletonRefresher - _argon2_cffi_bindings._ffi
2025-06-12 15:06:10,449 [  24182]   WARN - #c.j.p.s.s.PySkeletonRefresher - _cffi_backend
2025-06-12 15:06:10,449 [  24182]   WARN - #c.j.p.s.s.PySkeletonRefresher - amp_C
2025-06-12 15:06:10,449 [  24182]   WARN - #c.j.p.s.s.PySkeletonRefresher - apex_C
2025-06-12 15:06:10,449 [  24182]   WARN - #c.j.p.s.s.PySkeletonRefresher - brotli._brotli
2025-06-12 15:06:10,449 [  24182]   WARN - #c.j.p.s.s.PySkeletonRefresher - cryptography.hazmat.bindings._openssl
2025-06-12 15:06:10,449 [  24182]   WARN - #c.j.p.s.s.PySkeletonRefresher - debugpy._vendored.pydevd._pydevd_bundle.pydevd_cython
2025-06-12 15:06:10,449 [  24182]   WARN - #c.j.p.s.s.PySkeletonRefresher - debugpy._vendored.pydevd._pydevd_frame_eval.pydevd_frame_evaluator
2025-06-12 15:06:10,449 [  24182]   WARN - #c.j.p.s.s.PySkeletonRefresher - debugpy._vendored.pydevd.pydevd_attach_to_process.attach_linux_amd64
2025-06-12 15:06:10,449 [  24182]   WARN - #c.j.p.s.s.PySkeletonRefresher - fused_dense_cuda
2025-06-12 15:06:10,449 [  24182]   WARN - #c.j.p.s.s.PySkeletonRefresher - fused_layer_norm_cuda
2025-06-12 15:06:10,449 [  24182]   WARN - #c.j.p.s.s.PySkeletonRefresher - fused_weight_gradient_mlp_cuda
2025-06-12 15:06:10,449 [  24182]   WARN - #c.j.p.s.s.PySkeletonRefresher - generic_scaled_masked_softmax_cuda
2025-06-12 15:06:10,449 [  24182]   WARN - #c.j.p.s.s.PySkeletonRefresher - greenlet.tests._test_extension
2025-06-12 15:06:10,449 [  24182]   WARN - #c.j.p.s.s.PySkeletonRefresher - greenlet.tests._test_extension_cpp
2025-06-12 15:06:10,449 [  24182]   WARN - #c.j.p.s.s.PySkeletonRefresher - kaleido.executable.bin.swiftshader.libEGL
2025-06-12 15:06:10,449 [  24182]   WARN - #c.j.p.s.s.PySkeletonRefresher - kaleido.executable.bin.swiftshader.libGLESv2
2025-06-12 15:06:10,449 [  24182]   WARN - #c.j.p.s.s.PySkeletonRefresher - kaleido.executable.lib.libfreebl3
2025-06-12 15:06:10,449 [  24182]   WARN - #c.j.p.s.s.PySkeletonRefresher - kaleido.executable.lib.libfreeblpriv3
2025-06-12 15:06:10,449 [  24182]   WARN - #c.j.p.s.s.PySkeletonRefresher - kaleido.executable.lib.libnspr4
2025-06-12 15:06:10,449 [  24182]   WARN - #c.j.p.s.s.PySkeletonRefresher - kaleido.executable.lib.libnss3
2025-06-12 15:06:10,449 [  24182]   WARN - #c.j.p.s.s.PySkeletonRefresher - kaleido.executable.lib.libnssckbi
2025-06-12 15:06:10,449 [  24182]   WARN - #c.j.p.s.s.PySkeletonRefresher - kaleido.executable.lib.libnssdbm3
2025-06-12 15:06:10,449 [  24182]   WARN - #c.j.p.s.s.PySkeletonRefresher - kaleido.executable.lib.libnsssysinit
2025-06-12 15:06:10,449 [  24182]   WARN - #c.j.p.s.s.PySkeletonRefresher - kaleido.executable.lib.libnssutil3
2025-06-12 15:06:10,449 [  24182]   WARN - #c.j.p.s.s.PySkeletonRefresher - kaleido.executable.lib.libplc4
2025-06-12 15:06:10,449 [  24182]   WARN - #c.j.p.s.s.PySkeletonRefresher - kaleido.executable.lib.libplds4
2025-06-12 15:06:10,449 [  24182]   WARN - #c.j.p.s.s.PySkeletonRefresher - kaleido.executable.lib.libsoftokn3
2025-06-12 15:06:10,449 [  24182]   WARN - #c.j.p.s.s.PySkeletonRefresher - llvmlite.binding.libllvmlite
2025-06-12 15:06:10,449 [  24182]   WARN - #c.j.p.s.s.PySkeletonRefresher - mlp_cuda
2025-06-12 15:06:10,449 [  24182]   WARN - #c.j.p.s.s.PySkeletonRefresher - mmcv._ext
2025-06-12 15:06:10,449 [  24182]   WARN - #c.j.p.s.s.PySkeletonRefresher - nvidia.cuda_cupti.lib.libcheckpoint
2025-06-12 15:06:10,449 [  24182]   WARN - #c.j.p.s.s.PySkeletonRefresher - nvidia.cuda_cupti.lib.libnvperf_host
2025-06-12 15:06:10,449 [  24182]   WARN - #c.j.p.s.s.PySkeletonRefresher - nvidia.cuda_cupti.lib.libnvperf_target
2025-06-12 15:06:10,449 [  24182]   WARN - #c.j.p.s.s.PySkeletonRefresher - nvidia.cuda_cupti.lib.libpcsamplingutil
2025-06-12 15:06:10,449 [  24182]   WARN - #c.j.p.s.s.PySkeletonRefresher - onnxruntime.capi.libonnxruntime_providers_shared
2025-06-12 15:06:10,449 [  24182]   WARN - #c.j.p.s.s.PySkeletonRefresher - scaled_masked_softmax_cuda
2025-06-12 15:06:10,449 [  24182]   WARN - #c.j.p.s.s.PySkeletonRefresher - scaled_softmax_cuda
2025-06-12 15:06:10,449 [  24182]   WARN - #c.j.p.s.s.PySkeletonRefresher - scaled_upper_triang_masked_softmax_cuda
2025-06-12 15:06:10,449 [  24182]   WARN - #c.j.p.s.s.PySkeletonRefresher - sklearn.cluster._hdbscan._linkage
2025-06-12 15:06:10,449 [  24182]   WARN - #c.j.p.s.s.PySkeletonRefresher - sklearn.metrics._pairwise_distances_reduction._argkmin_classmode
2025-06-12 15:06:10,449 [  24182]   WARN - #c.j.p.s.s.PySkeletonRefresher - syncbn
2025-06-12 15:06:10,449 [  24182]   WARN - #c.j.p.s.s.PySkeletonRefresher - torch.lib.libc10
2025-06-12 15:06:10,449 [  24182]   WARN - #c.j.p.s.s.PySkeletonRefresher - torch.lib.libc10_cuda
2025-06-12 15:06:10,449 [  24182]   WARN - #c.j.p.s.s.PySkeletonRefresher - torch.lib.libcaffe2_nvrtc
2025-06-12 15:06:10,449 [  24182]   WARN - #c.j.p.s.s.PySkeletonRefresher - torch.lib.libshm
2025-06-12 15:06:10,449 [  24182]   WARN - #c.j.p.s.s.PySkeletonRefresher - torch.lib.libtorch
2025-06-12 15:06:10,449 [  24182]   WARN - #c.j.p.s.s.PySkeletonRefresher - torch.lib.libtorch_cpu
2025-06-12 15:06:10,449 [  24182]   WARN - #c.j.p.s.s.PySkeletonRefresher - torch.lib.libtorch_cuda
2025-06-12 15:06:10,449 [  24182]   WARN - #c.j.p.s.s.PySkeletonRefresher - torch.lib.libtorch_cuda_linalg
2025-06-12 15:06:10,449 [  24182]   WARN - #c.j.p.s.s.PySkeletonRefresher - torch.lib.libtorch_global_deps
2025-06-12 15:06:10,449 [  24182]   WARN - #c.j.p.s.s.PySkeletonRefresher - torch.lib.libtorch_python
2025-06-12 15:06:10,449 [  24182]   WARN - #c.j.p.s.s.PySkeletonRefresher - torch_cluster._fps_cpu
2025-06-12 15:06:10,449 [  24182]   WARN - #c.j.p.s.s.PySkeletonRefresher - torch_cluster._fps_cuda
2025-06-12 15:06:10,449 [  24182]   WARN - #c.j.p.s.s.PySkeletonRefresher - torch_cluster._graclus_cpu
2025-06-12 15:06:10,450 [  24183]   WARN - #c.j.p.s.s.PySkeletonRefresher - torch_cluster._graclus_cuda
2025-06-12 15:06:10,450 [  24183]   WARN - #c.j.p.s.s.PySkeletonRefresher - torch_cluster._grid_cpu
2025-06-12 15:06:10,450 [  24183]   WARN - #c.j.p.s.s.PySkeletonRefresher - torch_cluster._grid_cuda
2025-06-12 15:06:10,450 [  24183]   WARN - #c.j.p.s.s.PySkeletonRefresher - torch_cluster._knn_cpu
2025-06-12 15:06:10,450 [  24183]   WARN - #c.j.p.s.s.PySkeletonRefresher - torch_cluster._knn_cuda
2025-06-12 15:06:10,450 [  24183]   WARN - #c.j.p.s.s.PySkeletonRefresher - torch_cluster._nearest_cpu
2025-06-12 15:06:10,450 [  24183]   WARN - #c.j.p.s.s.PySkeletonRefresher - torch_cluster._nearest_cuda
2025-06-12 15:06:10,450 [  24183]   WARN - #c.j.p.s.s.PySkeletonRefresher - torch_cluster._radius_cpu
2025-06-12 15:06:10,450 [  24183]   WARN - #c.j.p.s.s.PySkeletonRefresher - torch_cluster._radius_cuda
2025-06-12 15:06:10,450 [  24183]   WARN - #c.j.p.s.s.PySkeletonRefresher - torch_cluster._rw_cpu
2025-06-12 15:06:10,450 [  24183]   WARN - #c.j.p.s.s.PySkeletonRefresher - torch_cluster._rw_cuda
2025-06-12 15:06:10,450 [  24183]   WARN - #c.j.p.s.s.PySkeletonRefresher - torch_cluster._sampler_cpu
2025-06-12 15:06:10,450 [  24183]   WARN - #c.j.p.s.s.PySkeletonRefresher - torch_cluster._sampler_cuda
2025-06-12 15:06:10,450 [  24183]   WARN - #c.j.p.s.s.PySkeletonRefresher - torch_cluster._version_cpu
2025-06-12 15:06:10,450 [  24183]   WARN - #c.j.p.s.s.PySkeletonRefresher - torch_cluster._version_cuda
2025-06-12 15:06:10,450 [  24183]   WARN - #c.j.p.s.s.PySkeletonRefresher - torch_scatter._scatter_cpu
2025-06-12 15:06:10,450 [  24183]   WARN - #c.j.p.s.s.PySkeletonRefresher - torch_scatter._scatter_cuda
2025-06-12 15:06:10,450 [  24183]   WARN - #c.j.p.s.s.PySkeletonRefresher - torch_scatter._segment_coo_cpu
2025-06-12 15:06:10,450 [  24183]   WARN - #c.j.p.s.s.PySkeletonRefresher - torch_scatter._segment_coo_cuda
2025-06-12 15:06:10,450 [  24183]   WARN - #c.j.p.s.s.PySkeletonRefresher - torch_scatter._segment_csr_cpu
2025-06-12 15:06:10,450 [  24183]   WARN - #c.j.p.s.s.PySkeletonRefresher - torch_scatter._segment_csr_cuda
2025-06-12 15:06:10,450 [  24183]   WARN - #c.j.p.s.s.PySkeletonRefresher - torch_scatter._version_cpu
2025-06-12 15:06:10,450 [  24183]   WARN - #c.j.p.s.s.PySkeletonRefresher - torch_scatter._version_cuda
2025-06-12 15:06:10,450 [  24183]   WARN - #c.j.p.s.s.PySkeletonRefresher - torch_sparse._convert_cpu
2025-06-12 15:06:10,450 [  24183]   WARN - #c.j.p.s.s.PySkeletonRefresher - torch_sparse._convert_cuda
2025-06-12 15:06:10,450 [  24183]   WARN - #c.j.p.s.s.PySkeletonRefresher - torch_sparse._diag_cpu
2025-06-12 15:06:10,450 [  24183]   WARN - #c.j.p.s.s.PySkeletonRefresher - torch_sparse._diag_cuda
2025-06-12 15:06:10,450 [  24183]   WARN - #c.j.p.s.s.PySkeletonRefresher - torch_sparse._ego_sample_cpu
2025-06-12 15:06:10,450 [  24183]   WARN - #c.j.p.s.s.PySkeletonRefresher - torch_sparse._ego_sample_cuda
2025-06-12 15:06:10,450 [  24183]   WARN - #c.j.p.s.s.PySkeletonRefresher - torch_sparse._hgt_sample_cpu
2025-06-12 15:06:10,450 [  24183]   WARN - #c.j.p.s.s.PySkeletonRefresher - torch_sparse._hgt_sample_cuda
2025-06-12 15:06:10,450 [  24183]   WARN - #c.j.p.s.s.PySkeletonRefresher - torch_sparse._metis_cpu
2025-06-12 15:06:10,450 [  24183]   WARN - #c.j.p.s.s.PySkeletonRefresher - torch_sparse._metis_cuda
2025-06-12 15:06:10,450 [  24183]   WARN - #c.j.p.s.s.PySkeletonRefresher - torch_sparse._neighbor_sample_cpu
2025-06-12 15:06:10,450 [  24183]   WARN - #c.j.p.s.s.PySkeletonRefresher - torch_sparse._neighbor_sample_cuda
2025-06-12 15:06:10,450 [  24183]   WARN - #c.j.p.s.s.PySkeletonRefresher - torch_sparse._relabel_cpu
2025-06-12 15:06:10,450 [  24183]   WARN - #c.j.p.s.s.PySkeletonRefresher - torch_sparse._relabel_cuda
2025-06-12 15:06:10,450 [  24183]   WARN - #c.j.p.s.s.PySkeletonRefresher - torch_sparse._rw_cpu
2025-06-12 15:06:10,450 [  24183]   WARN - #c.j.p.s.s.PySkeletonRefresher - torch_sparse._rw_cuda
2025-06-12 15:06:10,450 [  24183]   WARN - #c.j.p.s.s.PySkeletonRefresher - torch_sparse._saint_cpu
2025-06-12 15:06:10,450 [  24183]   WARN - #c.j.p.s.s.PySkeletonRefresher - torch_sparse._saint_cuda
2025-06-12 15:06:10,450 [  24183]   WARN - #c.j.p.s.s.PySkeletonRefresher - torch_sparse._sample_cpu
2025-06-12 15:06:10,450 [  24183]   WARN - #c.j.p.s.s.PySkeletonRefresher - torch_sparse._sample_cuda
2025-06-12 15:06:10,450 [  24183]   WARN - #c.j.p.s.s.PySkeletonRefresher - torch_sparse._spmm_cpu
2025-06-12 15:06:10,450 [  24183]   WARN - #c.j.p.s.s.PySkeletonRefresher - torch_sparse._spmm_cuda
2025-06-12 15:06:10,450 [  24183]   WARN - #c.j.p.s.s.PySkeletonRefresher - torch_sparse._version_cpu
2025-06-12 15:06:10,450 [  24183]   WARN - #c.j.p.s.s.PySkeletonRefresher - torch_sparse._version_cuda
2025-06-12 15:06:10,450 [  24183]   WARN - #c.j.p.s.s.PySkeletonRefresher - torch_spline_conv._basis_cpu
2025-06-12 15:06:10,450 [  24183]   WARN - #c.j.p.s.s.PySkeletonRefresher - torch_spline_conv._basis_cuda
2025-06-12 15:06:10,450 [  24183]   WARN - #c.j.p.s.s.PySkeletonRefresher - torch_spline_conv._version_cpu
2025-06-12 15:06:10,450 [  24183]   WARN - #c.j.p.s.s.PySkeletonRefresher - torch_spline_conv._version_cuda
2025-06-12 15:06:10,450 [  24183]   WARN - #c.j.p.s.s.PySkeletonRefresher - torch_spline_conv._weighting_cpu
2025-06-12 15:06:10,450 [  24183]   WARN - #c.j.p.s.s.PySkeletonRefresher - torch_spline_conv._weighting_cuda
2025-06-12 15:06:10,450 [  24183]   WARN - #c.j.p.s.s.PySkeletonRefresher - torchaudio.lib._torchaudio_sox
2025-06-12 15:06:10,450 [  24183]   WARN - #c.j.p.s.s.PySkeletonRefresher - torchaudio.lib.libctc_prefix_decoder
2025-06-12 15:06:10,450 [  24183]   WARN - #c.j.p.s.s.PySkeletonRefresher - torchaudio.lib.libtorchaudio
2025-06-12 15:06:10,450 [  24183]   WARN - #c.j.p.s.s.PySkeletonRefresher - torchaudio.lib.libtorchaudio_sox
2025-06-12 15:06:10,450 [  24183]   WARN - #c.j.p.s.s.PySkeletonRefresher - torchaudio.lib.pybind11_prefixctc
2025-06-12 15:06:10,450 [  24183]   WARN - #c.j.p.s.s.PySkeletonRefresher - torchvision._C
2025-06-12 15:06:10,450 [  24183]   WARN - #c.j.p.s.s.PySkeletonRefresher - torchvision.image
2025-06-12 15:06:10,450 [  24183]   WARN - #c.j.p.s.s.PySkeletonRefresher - torio.lib._torio_ffmpeg4
2025-06-12 15:06:10,450 [  24183]   WARN - #c.j.p.s.s.PySkeletonRefresher - torio.lib._torio_ffmpeg5
2025-06-12 15:06:10,450 [  24183]   WARN - #c.j.p.s.s.PySkeletonRefresher - torio.lib._torio_ffmpeg6
2025-06-12 15:06:10,450 [  24183]   WARN - #c.j.p.s.s.PySkeletonRefresher - torio.lib.libtorio_ffmpeg4
2025-06-12 15:06:10,450 [  24183]   WARN - #c.j.p.s.s.PySkeletonRefresher - torio.lib.libtorio_ffmpeg5
2025-06-12 15:06:10,450 [  24183]   WARN - #c.j.p.s.s.PySkeletonRefresher - torio.lib.libtorio_ffmpeg6
2025-06-12 15:06:10,450 [  24183]   WARN - #c.j.p.s.s.PySkeletonRefresher - vtkmodules.libvtkmdiympi_nompi
2025-06-12 15:06:10,450 [  24183]   WARN - #c.j.p.s.s.PySkeletonRefresher - xgboost.lib.libxgboost
2025-06-12 15:06:10,451 [  24184]   WARN - #c.j.p.PythonHelpersLocator - Helpers pro root does not exist /home/herryao/Software/pycharm-2024.3.1.1/plugins/python-ce/helpers-pro
2025-06-12 15:07:52,546 [ 126279]   WARN - #c.j.p.PythonHelpersLocator - Helpers pro root does not exist /home/herryao/Software/pycharm-2024.3.1.1/plugins/python-ce/helpers-pro
2025-06-12 15:07:52,547 [ 126280]   WARN - #c.j.p.PythonHelpersLocator - Helpers pro root does not exist /home/herryao/Software/pycharm-2024.3.1.1/plugins/python-ce/helpers-pro
2025-06-12 15:07:52,547 [ 126280]   WARN - #c.j.p.PythonHelpersLocator - Helpers pro root does not exist /home/herryao/Software/pycharm-2024.3.1.1/plugins/python-ce/helpers-pro
2025-06-12 15:07:52,547 [ 126280]   WARN - #c.j.p.PythonHelpersLocator - Helpers pro root does not exist /home/herryao/Software/pycharm-2024.3.1.1/plugins/python-ce/helpers-pro
2025-06-12 15:08:22,467 [ 156200]   WARN - #c.j.p.PythonHelpersLocator - Helpers pro root does not exist /home/herryao/Software/pycharm-2024.3.1.1/plugins/python-ce/helpers-pro
2025-06-12 15:08:22,468 [ 156201]   WARN - #c.j.p.PythonHelpersLocator - Helpers pro root does not exist /home/herryao/Software/pycharm-2024.3.1.1/plugins/python-ce/helpers-pro
2025-06-12 15:08:22,468 [ 156201]   WARN - #c.j.p.PythonHelpersLocator - Helpers pro root does not exist /home/herryao/Software/pycharm-2024.3.1.1/plugins/python-ce/helpers-pro
2025-06-12 15:08:22,468 [ 156201]   WARN - #c.j.p.PythonHelpersLocator - Helpers pro root does not exist /home/herryao/Software/pycharm-2024.3.1.1/plugins/python-ce/helpers-pro
2025-06-12 15:08:33,336 [ 167069]   WARN - #c.j.p.PythonHelpersLocator - Helpers pro root does not exist /home/herryao/Software/pycharm-2024.3.1.1/plugins/python-ce/helpers-pro
2025-06-12 15:08:33,336 [ 167069]   WARN - #c.j.p.PythonHelpersLocator - Helpers pro root does not exist /home/herryao/Software/pycharm-2024.3.1.1/plugins/python-ce/helpers-pro
2025-06-12 15:08:33,336 [ 167069]   WARN - #c.j.p.PythonHelpersLocator - Helpers pro root does not exist /home/herryao/Software/pycharm-2024.3.1.1/plugins/python-ce/helpers-pro
2025-06-12 15:08:33,337 [ 167070]   WARN - #c.j.p.PythonHelpersLocator - Helpers pro root does not exist /home/herryao/Software/pycharm-2024.3.1.1/plugins/python-ce/helpers-pro
2025-06-12 15:09:57,268 [ 251001]   WARN - #c.j.p.PythonHelpersLocator - Helpers pro root does not exist /home/herryao/Software/pycharm-2024.3.1.1/plugins/python-ce/helpers-pro
2025-06-12 15:09:57,268 [ 251001]   WARN - #c.j.p.PythonHelpersLocator - Helpers pro root does not exist /home/herryao/Software/pycharm-2024.3.1.1/plugins/python-ce/helpers-pro
2025-06-12 15:09:57,269 [ 251002]   WARN - #c.j.p.PythonHelpersLocator - Helpers pro root does not exist /home/herryao/Software/pycharm-2024.3.1.1/plugins/python-ce/helpers-pro
2025-06-12 15:09:57,269 [ 251002]   WARN - #c.j.p.PythonHelpersLocator - Helpers pro root does not exist /home/herryao/Software/pycharm-2024.3.1.1/plugins/python-ce/helpers-pro
2025-06-12 15:10:05,826 [ 259559]   WARN - #c.j.p.PythonHelpersLocator - Helpers pro root does not exist /home/herryao/Software/pycharm-2024.3.1.1/plugins/python-ce/helpers-pro
2025-06-12 15:10:05,826 [ 259559]   WARN - #c.j.p.PythonHelpersLocator - Helpers pro root does not exist /home/herryao/Software/pycharm-2024.3.1.1/plugins/python-ce/helpers-pro
2025-06-12 15:10:05,826 [ 259559]   WARN - #c.j.p.PythonHelpersLocator - Helpers pro root does not exist /home/herryao/Software/pycharm-2024.3.1.1/plugins/python-ce/helpers-pro
2025-06-12 15:10:05,826 [ 259559]   WARN - #c.j.p.PythonHelpersLocator - Helpers pro root does not exist /home/herryao/Software/pycharm-2024.3.1.1/plugins/python-ce/helpers-pro
2025-06-12 15:10:14,385 [ 268118]   WARN - #c.j.p.PythonHelpersLocator - Helpers pro root does not exist /home/herryao/Software/pycharm-2024.3.1.1/plugins/python-ce/helpers-pro
2025-06-12 15:10:14,385 [ 268118]   WARN - #c.j.p.PythonHelpersLocator - Helpers pro root does not exist /home/herryao/Software/pycharm-2024.3.1.1/plugins/python-ce/helpers-pro
2025-06-12 15:10:14,385 [ 268118]   WARN - #c.j.p.PythonHelpersLocator - Helpers pro root does not exist /home/herryao/Software/pycharm-2024.3.1.1/plugins/python-ce/helpers-pro
2025-06-12 15:10:14,385 [ 268118]   WARN - #c.j.p.PythonHelpersLocator - Helpers pro root does not exist /home/herryao/Software/pycharm-2024.3.1.1/plugins/python-ce/helpers-pro
2025-06-12 15:10:51,303 [ 305036]   WARN - #c.i.u.i.p.ProjectIndexableFilesFilterHealthCheck - Following files are indexable but they were NOT found in filter. Errors count: 15. Examples:
file id=178285 path=/18d46b25
file id=178288 path=/media/herryao/81ca6f19-78c8-470d-b5a1-5f35b4678058/work_dir/Document/skku/with_asif/second_paper/locked/main/case_alpha_0_3/evaluation/figures/0_3_Main_Test_0612_cleansed.zip
file id=178289 path=/media/herryao/81ca6f19-78c8-470d-b5a1-5f35b4678058/work_dir/Document/skku/with_asif/second_paper/locked/main/case_alpha_0_3/evaluation/figures/0_3_Test_0611_cleansed.zip
file id=178304 path=/media/herryao/81ca6f19-78c8-470d-b5a1-5f35b4678058/work_dir/Document/skku/with_asif/second_paper/locked/main/case_alpha_0_3/evaluation/figures/Test_0611_cleansed/DataCorrelation/kde_distribution.jpg
file id=178366 path=/media/herryao/81ca6f19-78c8-470d-b5a1-5f35b4678058/work_dir/Document/skku/with_asif/second_paper/locked/main/case_alpha_0_3/evaluation/figures/Test_0611_cleansed/inference/ANN/confusion_matrix/confusion_matrix_mimo.jpg
...
2025-06-12 15:11:20,022 [ 333755]   WARN - #c.j.p.PythonHelpersLocator - Helpers pro root does not exist /home/herryao/Software/pycharm-2024.3.1.1/plugins/python-ce/helpers-pro
2025-06-12 15:11:20,022 [ 333755]   WARN - #c.j.p.PythonHelpersLocator - Helpers pro root does not exist /home/herryao/Software/pycharm-2024.3.1.1/plugins/python-ce/helpers-pro
2025-06-12 15:11:20,022 [ 333755]   WARN - #c.j.p.PythonHelpersLocator - Helpers pro root does not exist /home/herryao/Software/pycharm-2024.3.1.1/plugins/python-ce/helpers-pro
2025-06-12 15:11:20,023 [ 333756]   WARN - #c.j.p.PythonHelpersLocator - Helpers pro root does not exist /home/herryao/Software/pycharm-2024.3.1.1/plugins/python-ce/helpers-pro
2025-06-12 15:11:30,798 [ 344531]   WARN - #c.j.p.PythonHelpersLocator - Helpers pro root does not exist /home/herryao/Software/pycharm-2024.3.1.1/plugins/python-ce/helpers-pro
2025-06-12 15:11:30,799 [ 344532]   WARN - #c.j.p.PythonHelpersLocator - Helpers pro root does not exist /home/herryao/Software/pycharm-2024.3.1.1/plugins/python-ce/helpers-pro
2025-06-12 15:11:30,799 [ 344532]   WARN - #c.j.p.PythonHelpersLocator - Helpers pro root does not exist /home/herryao/Software/pycharm-2024.3.1.1/plugins/python-ce/helpers-pro
2025-06-12 15:11:30,799 [ 344532]   WARN - #c.j.p.PythonHelpersLocator - Helpers pro root does not exist /home/herryao/Software/pycharm-2024.3.1.1/plugins/python-ce/helpers-pro
2025-06-12 15:11:40,186 [ 353919]   WARN - #c.j.p.PythonHelpersLocator - Helpers pro root does not exist /home/herryao/Software/pycharm-2024.3.1.1/plugins/python-ce/helpers-pro
2025-06-12 15:11:40,186 [ 353919]   WARN - #c.j.p.PythonHelpersLocator - Helpers pro root does not exist /home/herryao/Software/pycharm-2024.3.1.1/plugins/python-ce/helpers-pro
2025-06-12 15:11:40,186 [ 353919]   WARN - #c.j.p.PythonHelpersLocator - Helpers pro root does not exist /home/herryao/Software/pycharm-2024.3.1.1/plugins/python-ce/helpers-pro
2025-06-12 15:11:40,187 [ 353920]   WARN - #c.j.p.PythonHelpersLocator - Helpers pro root does not exist /home/herryao/Software/pycharm-2024.3.1.1/plugins/python-ce/helpers-pro
